{"/home/jarri/Desktop/Work/Microverse/module-2/week3/jest-test_m2_w3/count.js": {"path":"/home/jarri/Desktop/Work/Microverse/module-2/week3/jest-test_m2_w3/count.js","all":false,"statementMap":{"0":{"start":{"line":1,"column":0},"end":{"line":1,"column":19}},"1":{"start":{"line":2,"column":0},"end":{"line":2,"column":2}},"2":{"start":{"line":3,"column":0},"end":{"line":3,"column":112}},"3":{"start":{"line":4,"column":0},"end":{"line":4,"column":39}},"4":{"start":{"line":5,"column":0},"end":{"line":5,"column":125}},"5":{"start":{"line":6,"column":0},"end":{"line":6,"column":49}},"6":{"start":{"line":7,"column":0},"end":{"line":7,"column":40}},"7":{"start":{"line":8,"column":0},"end":{"line":8,"column":3}},"8":{"start":{"line":9,"column":0},"end":{"line":9,"column":0}},"9":{"start":{"line":10,"column":0},"end":{"line":10,"column":21}},"10":{"start":{"line":11,"column":0},"end":{"line":11,"column":25}},"11":{"start":{"line":12,"column":0},"end":{"line":12,"column":21}},"12":{"start":{"line":13,"column":0},"end":{"line":13,"column":0}},"13":{"start":{"line":14,"column":0},"end":{"line":14,"column":36}},"14":{"start":{"line":15,"column":0},"end":{"line":15,"column":18}},"15":{"start":{"line":16,"column":0},"end":{"line":16,"column":3}},"16":{"start":{"line":17,"column":0},"end":{"line":17,"column":0}},"17":{"start":{"line":18,"column":0},"end":{"line":18,"column":16}},"18":{"start":{"line":19,"column":0},"end":{"line":19,"column":1}},"19":{"start":{"line":20,"column":0},"end":{"line":20,"column":23}}},"s":{"0":1,"1":1,"2":1,"3":1,"4":1,"5":1,"6":1,"7":1,"8":1,"9":4,"10":4,"11":4,"12":4,"13":4,"14":2,"15":2,"16":4,"17":4,"18":4,"19":1},"branchMap":{"0":{"type":"branch","line":1,"loc":{"start":{"line":1,"column":0},"end":{"line":20,"column":23}},"locations":[{"start":{"line":1,"column":0},"end":{"line":20,"column":23}}]},"1":{"type":"branch","line":1,"loc":{"start":{"line":1,"column":0},"end":{"line":20,"column":23}},"locations":[{"start":{"line":1,"column":0},"end":{"line":20,"column":23}}]},"2":{"type":"branch","line":10,"loc":{"start":{"line":10,"column":0},"end":{"line":19,"column":1}},"locations":[{"start":{"line":10,"column":0},"end":{"line":19,"column":1}}]},"3":{"type":"branch","line":14,"loc":{"start":{"line":14,"column":18},"end":{"line":14,"column":33}},"locations":[{"start":{"line":14,"column":18},"end":{"line":14,"column":33}}]},"4":{"type":"branch","line":14,"loc":{"start":{"line":14,"column":35},"end":{"line":16,"column":3}},"locations":[{"start":{"line":14,"column":35},"end":{"line":16,"column":3}}]}},"b":{"0":[1],"1":[1],"2":[4],"3":[3],"4":[2]},"fnMap":{"0":{"name":"Object.<anonymous>","decl":{"start":{"line":1,"column":0},"end":{"line":20,"column":23}},"loc":{"start":{"line":1,"column":0},"end":{"line":20,"column":23}},"line":1},"1":{"name":"count","decl":{"start":{"line":10,"column":0},"end":{"line":19,"column":1}},"loc":{"start":{"line":10,"column":0},"end":{"line":19,"column":1}},"line":10}},"f":{"0":1,"1":4}}
}
