TN:
SF:index.js
FN:1,Object.<anonymous>
FN:16,count
FN:34,reverse
FN:50,Calculator
FN:54,add
FN:59,substract
FN:64,divide
FN:69,multiply
FN:80,capitalize
FNF:9
FNH:8
FNDA:1,Object.<anonymous>
FNDA:4,count
FNDA:4,reverse
FNDA:1,Calculator
FNDA:3,add
FNDA:3,substract
FNDA:0,divide
FNDA:3,multiply
FNDA:4,capitalize
DA:1,1
DA:2,1
DA:3,1
DA:4,1
DA:5,1
DA:6,1
DA:7,1
DA:8,1
DA:9,1
DA:10,1
DA:11,1
DA:12,1
DA:13,1
DA:14,1
DA:15,1
DA:16,4
DA:17,4
DA:18,4
DA:19,4
DA:20,4
DA:21,2
DA:22,2
DA:23,4
DA:24,4
DA:25,4
DA:26,1
DA:27,1
DA:28,1
DA:29,1
DA:30,1
DA:31,1
DA:32,1
DA:33,1
DA:34,4
DA:35,4
DA:36,4
DA:37,3
DA:38,3
DA:39,3
DA:40,3
DA:41,4
DA:42,4
DA:43,1
DA:44,1
DA:45,1
DA:46,1
DA:47,1
DA:48,1
DA:49,1
DA:50,1
DA:51,1
DA:52,1
DA:53,1
DA:54,1
DA:55,3
DA:56,3
DA:57,3
DA:58,1
DA:59,1
DA:60,3
DA:61,3
DA:62,3
DA:63,1
DA:64,1
DA:65,0
DA:66,0
DA:67,0
DA:68,1
DA:69,1
DA:70,3
DA:71,3
DA:72,3
DA:73,1
DA:74,1
DA:75,1
DA:76,1
DA:77,1
DA:78,1
DA:79,1
DA:80,4
DA:81,4
DA:82,4
DA:83,3
DA:84,4
DA:85,1
DA:86,1
DA:87,4
DA:88,4
DA:89,1
DA:90,1
DA:91,1
DA:92,1
DA:93,1
DA:94,1
DA:95,1
LF:95
LH:92
BRDA:1,0,0,1
BRDA:1,1,0,1
BRDA:16,2,0,4
BRDA:20,3,0,3
BRDA:20,4,0,2
BRDA:34,5,0,4
BRDA:36,6,0,3
BRDA:50,7,0,1
BRDA:54,8,0,3
BRDA:59,9,0,3
BRDA:69,10,0,3
BRDA:80,11,0,4
BRDA:82,12,0,3
BRDA:84,13,0,1
BRF:14
BRH:14
end_of_record
